<?xml version="1.0" encoding="UTF-8"?>
<testng-results skipped="0" failed="0" total="1" passed="1">
  <reporter-output>
  </reporter-output>
  <suite name="Default suite" duration-ms="8904" started-at="2016-10-24T22:09:41Z" finished-at="2016-10-24T22:09:49Z">
    <groups>
    </groups>
    <test name="Default test" duration-ms="8904" started-at="2016-10-24T22:09:41Z" finished-at="2016-10-24T22:09:49Z">
      <class name="com.jth.autopilot.test.wikipedia.WikipediaSearchTest">
        <test-method status="PASS" signature="beforeSuite()[pri:0, instance:com.jth.autopilot.test.wikipedia.WikipediaSearchTest@1593948d]" name="beforeSuite" is-config="true" duration-ms="24" started-at="2016-10-24T17:09:41Z" finished-at="2016-10-24T17:09:41Z">
          <reporter-output>
          </reporter-output>
        </test-method> <!-- beforeSuite -->
        <test-method status="PASS" signature="beforeClass()[pri:0, instance:com.jth.autopilot.test.wikipedia.WikipediaSearchTest@1593948d]" name="beforeClass" is-config="true" duration-ms="4" started-at="2016-10-24T17:09:41Z" finished-at="2016-10-24T17:09:41Z">
          <reporter-output>
          </reporter-output>
        </test-method> <!-- beforeClass -->
        <test-method status="PASS" signature="testSearchButton()[pri:0, instance:com.jth.autopilot.test.wikipedia.WikipediaSearchTest@1593948d]" name="testSearchButton" duration-ms="8876" started-at="2016-10-24T17:09:41Z" finished-at="2016-10-24T17:09:49Z">
          <reporter-output>
          </reporter-output>
        </test-method> <!-- testSearchButton -->
        <test-method status="PASS" signature="afterSuite()[pri:0, instance:com.jth.autopilot.test.wikipedia.WikipediaSearchTest@1593948d]" name="afterSuite" is-config="true" duration-ms="1580" started-at="2016-10-24T17:09:50Z" finished-at="2016-10-24T17:09:51Z">
          <reporter-output>
          </reporter-output>
        </test-method> <!-- afterSuite -->
      </class> <!-- com.jth.autopilot.test.wikipedia.WikipediaSearchTest -->
    </test> <!-- Default test -->
  </suite> <!-- Default suite -->
</testng-results>
